Mplus VERSION 8.3
MUTHEN & MUTHEN
04/17/2023   2:12 PM

INPUT INSTRUCTIONS

  title: LGM With Person-Specific Time Codes,
  Centered at the First Measurement Occasion

  data: file is data.vine.asd.csv;

  variable: names are sid id gender diag age1-age5
  com1-com5 dly1-dly5 mtr1-mtr5 soc1-soc5 adap1-adap5 t1-t5;

  usevariables are dly1-dly5 t1-t5 gender;
  missing are all (-99);

  tscores = t1-t5; !variables contain person-specific time codes

  analysis: type = random;
  estimator = MLF;

  model: int slope| dly1-dly5 at t1-t5; !define LGM with quadratic growth trajectory
  !dly1-dly5(1); !constrain residual variance to equality over time (homoscedasticity)
  int ON gender;
  slope ON gender;

  !PLOT:
  !TYPE = plot1 plot2 plot3;
  !SERIES = coso1(1) coso2(2) coso3(3) coso4(4) coso5(5);



INPUT READING TERMINATED NORMALLY



LGM With Person-Specific Time Codes,
Centered at the First Measurement Occasion

SUMMARY OF ANALYSIS

Number of groups                                                 1
Number of observations                                        1539

Number of dependent variables                                    5
Number of independent variables                                  1
Number of continuous latent variables                            2

Observed dependent variables

  Continuous
   DLY1        DLY2        DLY3        DLY4        DLY5

Observed independent variables
   GENDER

Continuous latent variables
   INT         SLOPE

Variables with special functions

  Time scores
   T1          T2          T3          T4          T5


Estimator                                                      MLF
Information matrix                                        OBSERVED
Maximum number of iterations                                   100
Convergence criterion                                    0.100D-05
Maximum number of EM iterations                                500
Convergence criteria for the EM algorithm
  Loglikelihood change                                   0.100D-02
  Relative loglikelihood change                          0.100D-05
  Derivative                                             0.100D-03
Minimum variance                                         0.100D-03
Maximum number of steepest descent iterations                   20
Maximum number of iterations for H1                           2000
Convergence criterion for H1                             0.100D-03
Optimization algorithm                                         EMA

Input data file(s)
  data.vine.asd.csv
Input data format  FREE


SUMMARY OF DATA

     Number of missing data patterns             5


COVARIANCE COVERAGE OF DATA

Minimum covariance coverage value   0.100


     PROPORTION OF DATA PRESENT


           Covariance Coverage
              DLY1          DLY2          DLY3          DLY4          DLY5
              ________      ________      ________      ________      ________
 DLY1           1.000
 DLY2           0.464         0.464
 DLY3           0.160         0.160         0.160
 DLY4           0.029         0.029         0.029         0.029
 DLY5           0.005         0.005         0.005         0.005         0.005
 GENDER         1.000         0.464         0.160         0.029         0.005


           Covariance Coverage
              GENDER
              ________
 GENDER         1.000

     WARNING:  THE COVARIANCE COVERAGE FALLS BELOW THE SPECIFIED LIMIT.



UNIVARIATE SAMPLE STATISTICS


     UNIVARIATE HIGHER-ORDER MOMENT DESCRIPTIVE STATISTICS

         Variable/         Mean/     Skewness/   Minimum/ % with                Percentiles
        Sample Size      Variance    Kurtosis    Maximum  Min/Max      20%/60%    40%/80%    Median

     DLY1                 82.801      -0.274      24.000    0.06%      73.000     80.000     83.000
            1539.000     175.078       0.939     143.000    0.06%      85.000     95.000
     DLY2                 83.160       0.108      33.000    0.14%      71.000     80.000     83.000
             714.000     187.482       0.266     134.000    0.14%      85.000     95.000
     DLY3                 84.183      -0.028      36.000    0.41%      75.000     81.000     84.000
             246.000     177.824       0.978     134.000    0.41%      85.000     95.000
     DLY4                 88.533      -0.127      62.000    2.22%      78.000     85.000     91.000
              45.000     145.316      -0.487     113.000    2.22%      93.000     98.000
     DLY5                 82.429      -0.583      60.000   14.29%      60.000     77.000     85.000
               7.000     140.531      -0.638      98.000   14.29%      85.000     91.000
     GENDER                0.220       1.350       0.000   77.97%       0.000      0.000      0.000
            1539.000       0.172      -0.178       1.000   22.03%       0.000      1.000


THE MODEL ESTIMATION TERMINATED NORMALLY



MODEL FIT INFORMATION

Number of Free Parameters                       12

Loglikelihood

          H0 Value                      -10058.059

Information Criteria

          Akaike (AIC)                   20140.117
          Bayesian (BIC)                 20204.184
          Sample-Size Adjusted BIC       20166.063
            (n* = (n + 2) / 24)



MODEL RESULTS

                                                    Two-Tailed
                    Estimate       S.E.  Est./S.E.    P-Value

 INT        ON
    GENDER             1.636      0.838      1.953      0.051

 SLOPE      ON
    GENDER            -0.079      0.082     -0.960      0.337

 SLOPE    WITH
    INT               -0.377      0.665     -0.566      0.571

 Intercepts
    DLY1               0.000      0.000    999.000    999.000
    DLY2               0.000      0.000    999.000    999.000
    DLY3               0.000      0.000    999.000    999.000
    DLY4               0.000      0.000    999.000    999.000
    DLY5               0.000      0.000    999.000    999.000
    INT               82.646      0.380    217.379      0.000
    SLOPE             -0.124      0.038     -3.255      0.001

 Residual Variances
    DLY1              81.241      7.668     10.595      0.000
    DLY2              78.915      5.954     13.254      0.000
    DLY3              58.964      8.767      6.726      0.000
    DLY4              59.152     24.631      2.402      0.016
    DLY5               0.000     34.540      0.000      1.000
    INT               94.887      8.794     10.790      0.000
    SLOPE              0.156      0.056      2.788      0.005


QUALITY OF NUMERICAL RESULTS

     Condition Number for the Information Matrix              0.120E-09
       (ratio of smallest to largest eigenvalue)


DIAGRAM INFORMATION

  Use View Diagram under the Diagram menu in the Mplus Editor to view the diagram.
  If running Mplus from the Mplus Diagrammer, the diagram opens automatically.

  Diagram output
    e:\ucsd - ace\paper - gender difference - sara\longitudinal analysis - lgm with individual specific time points\vine

     Beginning Time:  14:12:48
        Ending Time:  14:12:53
       Elapsed Time:  00:00:05



MUTHEN & MUTHEN
3463 Stoner Ave.
Los Angeles, CA  90066

Tel: (310) 391-9971
Fax: (310) 391-8971
Web: www.StatModel.com
Support: Support@StatModel.com

Copyright (c) 1998-2019 Muthen & Muthen
