Mplus VERSION 8.3
MUTHEN & MUTHEN
04/20/2023   2:54 PM

INPUT INSTRUCTIONS

  title: LGM With Person-Specific Time Codes,
  Centered at the First Measurement Occasion

  data: file is data.vine.td.csv;

  variable: names are sid id gender diag age1-age5
  com1-com5 dly1-dly5 mtr1-mtr5 soc1-soc5 adap1-adap5 t1-t5;

  usevariables are adap1-adap5 t1-t5 gender;
  missing are all (-99);

  tscores = t1-t5; !variables contain person-specific time codes

  analysis: type = random;
  estimator = MLR;

  model: int slope| adap1-adap5 at t1-t5; !define LGM with quadratic growth trajectory
  !adap1-adap5(1); !constrain residual variance to equality over time (homoscedasticity)
  int ON gender;
  slope ON gender;

  !PLOT:
  !TYPE = plot1 plot2 plot3;
  !SERIES = coso1(1) coso2(2) coso3(3) coso4(4) coso5(5);



*** WARNING
  Data set contains cases with missing on all variables except
  x-variables.  These cases were not included in the analysis.
  Number of cases with missing on all variables except x-variables:  2
   1 WARNING(S) FOUND IN THE INPUT INSTRUCTIONS



LGM With Person-Specific Time Codes,
Centered at the First Measurement Occasion

SUMMARY OF ANALYSIS

Number of groups                                                 1
Number of observations                                         599

Number of dependent variables                                    5
Number of independent variables                                  1
Number of continuous latent variables                            2

Observed dependent variables

  Continuous
   ADAP1       ADAP2       ADAP3       ADAP4       ADAP5

Observed independent variables
   GENDER

Continuous latent variables
   INT         SLOPE

Variables with special functions

  Time scores
   T1          T2          T3          T4          T5


Estimator                                                      MLR
Information matrix                                        OBSERVED
Maximum number of iterations                                   100
Convergence criterion                                    0.100D-05
Maximum number of EM iterations                                500
Convergence criteria for the EM algorithm
  Loglikelihood change                                   0.100D-02
  Relative loglikelihood change                          0.100D-05
  Derivative                                             0.100D-03
Minimum variance                                         0.100D-03
Maximum number of steepest descent iterations                   20
Maximum number of iterations for H1                           2000
Convergence criterion for H1                             0.100D-03
Optimization algorithm                                         EMA

Input data file(s)
  data.vine.td.csv
Input data format  FREE


SUMMARY OF DATA

     Number of missing data patterns             5


COVARIANCE COVERAGE OF DATA

Minimum covariance coverage value   0.100


     PROPORTION OF DATA PRESENT


           Covariance Coverage
              ADAP1         ADAP2         ADAP3         ADAP4         ADAP5
              ________      ________      ________      ________      ________
 ADAP1          1.000
 ADAP2          0.578         0.578
 ADAP3          0.302         0.302         0.302
 ADAP4          0.088         0.088         0.088         0.088
 ADAP5          0.013         0.013         0.013         0.013         0.013
 GENDER         1.000         0.578         0.302         0.088         0.013


           Covariance Coverage
              GENDER
              ________
 GENDER         1.000

     WARNING:  THE COVARIANCE COVERAGE FALLS BELOW THE SPECIFIED LIMIT.



UNIVARIATE SAMPLE STATISTICS


     UNIVARIATE HIGHER-ORDER MOMENT DESCRIPTIVE STATISTICS

         Variable/         Mean/     Skewness/   Minimum/ % with                Percentiles
        Sample Size      Variance    Kurtosis    Maximum  Min/Max      20%/60%    40%/80%    Median

     ADAP1               100.067       0.073      69.000    0.17%      92.000     98.000    100.000
             599.000      87.688       0.231     136.000    0.17%     102.000    107.000
     ADAP2               103.806       0.471      75.000    0.29%      94.000    100.000    103.000
             346.000     131.116       0.522     140.000    1.16%     106.000    113.000
     ADAP3               104.448       0.387      83.000    0.55%      96.000    101.000    103.000
             181.000     111.617      -0.299     132.000    0.55%     106.000    114.000
     ADAP4               106.528       0.434      85.000    1.89%      97.000    102.000    105.000
              53.000     129.532      -0.415     135.000    1.89%     106.000    115.000
     ADAP5               105.875      -0.589      91.000   12.50%      98.000    103.000    107.500
               8.000      60.859      -0.756     116.000   12.50%     110.000    112.000
     GENDER                0.419       0.328       0.000   58.10%       0.000      0.000      0.000
             599.000       0.243      -1.892       1.000   41.90%       1.000      1.000


THE MODEL ESTIMATION TERMINATED NORMALLY



MODEL FIT INFORMATION

Number of Free Parameters                       12

Loglikelihood

          H0 Value                       -4339.547
          H0 Scaling Correction Factor      1.1148
            for MLR

Information Criteria

          Akaike (AIC)                    8703.094
          Bayesian (BIC)                  8755.837
          Sample-Size Adjusted BIC        8717.740
            (n* = (n + 2) / 24)



MODEL RESULTS

                                                    Two-Tailed
                    Estimate       S.E.  Est./S.E.    P-Value

 INT        ON
    GENDER             2.462      0.769      3.200      0.001

 SLOPE      ON
    GENDER             0.054      0.065      0.825      0.410

 SLOPE    WITH
    INT               -0.419      0.466     -0.899      0.369

 Intercepts
    ADAP1              0.000      0.000    999.000    999.000
    ADAP2              0.000      0.000    999.000    999.000
    ADAP3              0.000      0.000    999.000    999.000
    ADAP4              0.000      0.000    999.000    999.000
    ADAP5              0.000      0.000    999.000    999.000
    INT               99.239      0.471    210.744      0.000
    SLOPE              0.220      0.047      4.656      0.000

 Residual Variances
    ADAP1             42.888      7.434      5.769      0.000
    ADAP2             58.970      8.846      6.666      0.000
    ADAP3             33.455      6.714      4.983      0.000
    ADAP4             26.918     12.132      2.219      0.026
    ADAP5             33.059     33.885      0.976      0.329
    INT               44.580      7.703      5.788      0.000
    SLOPE              0.148      0.042      3.539      0.000


QUALITY OF NUMERICAL RESULTS

     Condition Number for the Information Matrix              0.121E-04
       (ratio of smallest to largest eigenvalue)


DIAGRAM INFORMATION

  Use View Diagram under the Diagram menu in the Mplus Editor to view the diagram.
  If running Mplus from the Mplus Diagrammer, the diagram opens automatically.

  Diagram output
    e:\ucsd - ace\paper - gender difference - sara\longitudinal analysis - lgm with individual specific time points\vine

     Beginning Time:  14:54:52
        Ending Time:  14:54:53
       Elapsed Time:  00:00:01



MUTHEN & MUTHEN
3463 Stoner Ave.
Los Angeles, CA  90066

Tel: (310) 391-9971
Fax: (310) 391-8971
Web: www.StatModel.com
Support: Support@StatModel.com

Copyright (c) 1998-2019 Muthen & Muthen
