Mplus VERSION 8.3
MUTHEN & MUTHEN
04/17/2023   2:02 PM

INPUT INSTRUCTIONS

  title: LGM With Person-Specific Time Codes,
  Centered at the First Measurement Occasion

  data: file is data.vine.asd.csv;

  variable: names are sid id gender diag age1-age5
  com1-com5 dly1-dly5 mtr1-mtr5 soc1-soc5 adap1-adap5 t1-t5;

  usevariables are com1-com5 t1-t5 gender;
  missing are all (-99);

  tscores = t1-t5; !variables contain person-specific time codes

  analysis: type = random;
  estimator = MLR;

  model: int slope| com1-com5 at t1-t5; !define LGM with quadratic growth trajectory
  !com1-com5(1); !constrain residual variance to equality over time (homoscedasticity)
  int ON gender;
  slope ON gender;

  !PLOT:
  !TYPE = plot1 plot2 plot3;
  !SERIES = coso1(1) coso2(2) coso3(3) coso4(4) coso5(5);



INPUT READING TERMINATED NORMALLY



LGM With Person-Specific Time Codes,
Centered at the First Measurement Occasion

SUMMARY OF ANALYSIS

Number of groups                                                 1
Number of observations                                        1539

Number of dependent variables                                    5
Number of independent variables                                  1
Number of continuous latent variables                            2

Observed dependent variables

  Continuous
   COM1        COM2        COM3        COM4        COM5

Observed independent variables
   GENDER

Continuous latent variables
   INT         SLOPE

Variables with special functions

  Time scores
   T1          T2          T3          T4          T5


Estimator                                                      MLR
Information matrix                                        OBSERVED
Maximum number of iterations                                   100
Convergence criterion                                    0.100D-05
Maximum number of EM iterations                                500
Convergence criteria for the EM algorithm
  Loglikelihood change                                   0.100D-02
  Relative loglikelihood change                          0.100D-05
  Derivative                                             0.100D-03
Minimum variance                                         0.100D-03
Maximum number of steepest descent iterations                   20
Maximum number of iterations for H1                           2000
Convergence criterion for H1                             0.100D-03
Optimization algorithm                                         EMA

Input data file(s)
  data.vine.asd.csv
Input data format  FREE


SUMMARY OF DATA

     Number of missing data patterns             6


COVARIANCE COVERAGE OF DATA

Minimum covariance coverage value   0.100


     PROPORTION OF DATA PRESENT


           Covariance Coverage
              COM1          COM2          COM3          COM4          COM5
              ________      ________      ________      ________      ________
 COM1           0.999
 COM2           0.463         0.464
 COM3           0.160         0.160         0.160
 COM4           0.029         0.029         0.029         0.029
 COM5           0.005         0.005         0.005         0.005         0.005
 GENDER         0.999         0.464         0.160         0.029         0.005


           Covariance Coverage
              GENDER
              ________
 GENDER         1.000

     WARNING:  THE COVARIANCE COVERAGE FALLS BELOW THE SPECIFIED LIMIT.



UNIVARIATE SAMPLE STATISTICS


     UNIVARIATE HIGHER-ORDER MOMENT DESCRIPTIVE STATISTICS

         Variable/         Mean/     Skewness/   Minimum/ % with                Percentiles
        Sample Size      Variance    Kurtosis    Maximum  Min/Max      20%/60%    40%/80%    Median

     COM1                 74.550      -0.216      10.000    0.07%      63.000     71.000     75.000
            1538.000     236.718       0.769     131.000    0.07%      78.000     87.000
     COM2                 78.129      -0.349      24.000    0.28%      66.000     76.000     80.000
             714.000     247.992       0.610     136.000    0.14%      84.000     91.000
     COM3                 81.878      -0.226      32.000    0.81%      70.000     79.000     83.000
             246.000     257.359       0.358     127.000    0.41%      86.000     93.000
     COM4                 89.356       0.197      59.000    2.22%      78.000     86.000     89.000
              45.000     166.629      -0.238     116.000    4.44%      91.000     97.000
     COM5                 80.286      -0.383      54.000   14.29%      54.000     72.000     86.000
               7.000     239.633      -1.188     100.000   14.29%      86.000     95.000
     GENDER                0.220       1.350       0.000   77.97%       0.000      0.000      0.000
            1539.000       0.172      -0.178       1.000   22.03%       0.000      1.000


THE MODEL ESTIMATION TERMINATED NORMALLY



MODEL FIT INFORMATION

Number of Free Parameters                       12

Loglikelihood

          H0 Value                      -10340.775
          H0 Scaling Correction Factor      1.4062
            for MLR

Information Criteria

          Akaike (AIC)                   20705.549
          Bayesian (BIC)                 20769.616
          Sample-Size Adjusted BIC       20731.495
            (n* = (n + 2) / 24)



MODEL RESULTS

                                                    Two-Tailed
                    Estimate       S.E.  Est./S.E.    P-Value

 INT        ON
    GENDER             0.745      0.917      0.812      0.417

 SLOPE      ON
    GENDER            -0.090      0.104     -0.868      0.386

 SLOPE    WITH
    INT                0.145      1.046      0.139      0.890

 Intercepts
    COM1               0.000      0.000    999.000    999.000
    COM2               0.000      0.000    999.000    999.000
    COM3               0.000      0.000    999.000    999.000
    COM4               0.000      0.000    999.000    999.000
    COM5               0.000      0.000    999.000    999.000
    INT               74.492      0.443    168.051      0.000
    SLOPE              0.279      0.044      6.385      0.000

 Residual Variances
    COM1              85.286     17.142      4.975      0.000
    COM2              52.001      9.082      5.726      0.000
    COM3              46.267     12.055      3.838      0.000
    COM4              13.548     13.892      0.975      0.329
    COM5              45.376     90.754      0.500      0.617
    INT              151.199     16.856      8.970      0.000
    SLOPE              0.446      0.077      5.786      0.000


QUALITY OF NUMERICAL RESULTS

     Condition Number for the Information Matrix              0.889E-05
       (ratio of smallest to largest eigenvalue)


DIAGRAM INFORMATION

  Use View Diagram under the Diagram menu in the Mplus Editor to view the diagram.
  If running Mplus from the Mplus Diagrammer, the diagram opens automatically.

  Diagram output
    e:\ucsd - ace\paper - gender difference - sara\longitudinal analysis - lgm with individual specific time points\vine

     Beginning Time:  14:02:42
        Ending Time:  14:02:55
       Elapsed Time:  00:00:13



MUTHEN & MUTHEN
3463 Stoner Ave.
Los Angeles, CA  90066

Tel: (310) 391-9971
Fax: (310) 391-8971
Web: www.StatModel.com
Support: Support@StatModel.com

Copyright (c) 1998-2019 Muthen & Muthen
