Mplus VERSION 8.3
MUTHEN & MUTHEN
04/20/2023   2:53 PM

INPUT INSTRUCTIONS

  title: LGM With Person-Specific Time Codes,
  Centered at the First Measurement Occasion

  data: file is data.vine.td.csv;

  variable: names are sid id gender diag age1-age5
  com1-com5 dly1-dly5 mtr1-mtr5 soc1-soc5 adap1-adap5 t1-t5;

  usevariables are mtr1-mtr5 t1-t5 gender;
  missing are all (-99);

  tscores = t1-t5; !variables contain person-specific time codes

  analysis: type = random;
  estimator = MLR;
  !ALGORITHM=INTEGRATION;

  model: int slope| mtr1-mtr5 at t1-t5; !define LGM with quadratic growth trajectory
  !mtr1-mtr5(1); !constrain residual variance to equality over time (homoscedasticity)
  int ON gender;
  slope ON gender;

  !PLOT:
  !TYPE = plot1 plot2 plot3;
  !SERIES = coso1(1) coso2(2) coso3(3) coso4(4) coso5(5);



INPUT READING TERMINATED NORMALLY



LGM With Person-Specific Time Codes,
Centered at the First Measurement Occasion

SUMMARY OF ANALYSIS

Number of groups                                                 1
Number of observations                                         601

Number of dependent variables                                    5
Number of independent variables                                  1
Number of continuous latent variables                            2

Observed dependent variables

  Continuous
   MTR1        MTR2        MTR3        MTR4        MTR5

Observed independent variables
   GENDER

Continuous latent variables
   INT         SLOPE

Variables with special functions

  Time scores
   T1          T2          T3          T4          T5


Estimator                                                      MLR
Information matrix                                        OBSERVED
Maximum number of iterations                                   100
Convergence criterion                                    0.100D-05
Maximum number of EM iterations                                500
Convergence criteria for the EM algorithm
  Loglikelihood change                                   0.100D-02
  Relative loglikelihood change                          0.100D-05
  Derivative                                             0.100D-03
Minimum variance                                         0.100D-03
Maximum number of steepest descent iterations                   20
Maximum number of iterations for H1                           2000
Convergence criterion for H1                             0.100D-03
Optimization algorithm                                         EMA

Input data file(s)
  data.vine.td.csv
Input data format  FREE


SUMMARY OF DATA

     Number of missing data patterns             5


COVARIANCE COVERAGE OF DATA

Minimum covariance coverage value   0.100


     PROPORTION OF DATA PRESENT


           Covariance Coverage
              MTR1          MTR2          MTR3          MTR4          MTR5
              ________      ________      ________      ________      ________
 MTR1           1.000
 MTR2           0.576         0.576
 MTR3           0.301         0.301         0.301
 MTR4           0.088         0.088         0.088         0.088
 MTR5           0.013         0.013         0.013         0.013         0.013
 GENDER         1.000         0.576         0.301         0.088         0.013


           Covariance Coverage
              GENDER
              ________
 GENDER         1.000

     WARNING:  THE COVARIANCE COVERAGE FALLS BELOW THE SPECIFIED LIMIT.



UNIVARIATE SAMPLE STATISTICS


     UNIVARIATE HIGHER-ORDER MOMENT DESCRIPTIVE STATISTICS

         Variable/         Mean/     Skewness/   Minimum/ % with                Percentiles
        Sample Size      Variance    Kurtosis    Maximum  Min/Max      20%/60%    40%/80%    Median

     MTR1                 99.290      -0.608      42.000    0.17%      91.000    100.000    100.000
             601.000      89.394       2.582     135.000    0.17%     102.000    106.000
     MTR2                101.870      -0.085      46.000    0.29%      93.000    100.000    102.000
             346.000     121.067       2.152     138.000    0.29%     104.000    111.000
     MTR3                101.392      -0.309      48.000    0.55%      93.000     99.000    100.000
             181.000     103.432       3.425     134.000    0.55%     102.000    110.000
     MTR4                101.962       0.543      66.000    1.89%      94.000     97.000    100.000
              53.000     154.829       1.522     140.000    1.89%     102.000    111.000
     MTR5                100.500       0.015      84.000   12.50%      94.000     94.000     98.500
               8.000      97.000      -1.060     114.000   25.00%     100.000    107.000
     GENDER                0.419       0.327       0.000   58.07%       0.000      0.000      0.000
             601.000       0.243      -1.893       1.000   41.93%       1.000      1.000


THE MODEL ESTIMATION TERMINATED NORMALLY



MODEL FIT INFORMATION

Number of Free Parameters                       12

Loglikelihood

          H0 Value                       -4363.355
          H0 Scaling Correction Factor      1.2925
            for MLR

Information Criteria

          Akaike (AIC)                    8750.709
          Bayesian (BIC)                  8803.492
          Sample-Size Adjusted BIC        8765.395
            (n* = (n + 2) / 24)



MODEL RESULTS

                                                    Two-Tailed
                    Estimate       S.E.  Est./S.E.    P-Value

 INT        ON
    GENDER             0.006      0.753      0.008      0.994

 SLOPE      ON
    GENDER             0.163      0.061      2.664      0.008

 SLOPE    WITH
    INT               -0.301      0.437     -0.690      0.490

 Intercepts
    MTR1               0.000      0.000    999.000    999.000
    MTR2               0.000      0.000    999.000    999.000
    MTR3               0.000      0.000    999.000    999.000
    MTR4               0.000      0.000    999.000    999.000
    MTR5               0.000      0.000    999.000    999.000
    INT               99.592      0.511    194.806      0.000
    SLOPE              0.006      0.042      0.143      0.887

 Residual Variances
    MTR1              46.257      8.869      5.216      0.000
    MTR2              68.222      8.117      8.405      0.000
    MTR3              45.091      8.060      5.594      0.000
    MTR4              49.426     20.740      2.383      0.017
    MTR5              42.234     24.554      1.720      0.085
    INT               43.223     13.033      3.316      0.001
    SLOPE              0.082      0.032      2.538      0.011


QUALITY OF NUMERICAL RESULTS

     Condition Number for the Information Matrix              0.193E-06
       (ratio of smallest to largest eigenvalue)


DIAGRAM INFORMATION

  Use View Diagram under the Diagram menu in the Mplus Editor to view the diagram.
  If running Mplus from the Mplus Diagrammer, the diagram opens automatically.

  Diagram output
    e:\ucsd - ace\paper - gender difference - sara\longitudinal analysis - lgm with individual specific time points\vine

     Beginning Time:  14:53:44
        Ending Time:  14:53:45
       Elapsed Time:  00:00:01



MUTHEN & MUTHEN
3463 Stoner Ave.
Los Angeles, CA  90066

Tel: (310) 391-9971
Fax: (310) 391-8971
Web: www.StatModel.com
Support: Support@StatModel.com

Copyright (c) 1998-2019 Muthen & Muthen
