Mplus VERSION 8.3
MUTHEN & MUTHEN
04/17/2023   1:50 PM

INPUT INSTRUCTIONS

  title: LGM With Person-Specific Time Codes,
  Centered at the First Measurement Occasion

  data: file is data.ados.asd.csv;

  variable: names are sid id age1-age5 gender diag
  coso1-coso5 rr1-rr5 tot1-tot5 t1-t5;

  usevariables are rr1-rr5 t1-t5 gender;
  missing are all (-99);

  tscores = t1-t5; !variables contain person-specific time codes

  analysis: type = random;
  estimator = MLR;

  model: int slope| rr1-rr5 at t1-t5; !define LGM with quadratic growth trajectory
  !rr1-rr5(1); !constrain residual variance to equality over time (homoscedasticity)
  int ON gender;
  slope ON gender;

  !PLOT:
  !TYPE = plot1 plot2 plot3;
  !SERIES = coso1(1) coso2(2) coso3(3) coso4(4) coso5(5);



*** WARNING
  Data set contains cases with missing on all variables except
  x-variables.  These cases were not included in the analysis.
  Number of cases with missing on all variables except x-variables:  1
   1 WARNING(S) FOUND IN THE INPUT INSTRUCTIONS



LGM With Person-Specific Time Codes,
Centered at the First Measurement Occasion

SUMMARY OF ANALYSIS

Number of groups                                                 1
Number of observations                                        1538

Number of dependent variables                                    5
Number of independent variables                                  1
Number of continuous latent variables                            2

Observed dependent variables

  Continuous
   RR1         RR2         RR3         RR4         RR5

Observed independent variables
   GENDER

Continuous latent variables
   INT         SLOPE

Variables with special functions

  Time scores
   T1          T2          T3          T4          T5


Estimator                                                      MLR
Information matrix                                        OBSERVED
Maximum number of iterations                                   100
Convergence criterion                                    0.100D-05
Maximum number of EM iterations                                500
Convergence criteria for the EM algorithm
  Loglikelihood change                                   0.100D-02
  Relative loglikelihood change                          0.100D-05
  Derivative                                             0.100D-03
Minimum variance                                         0.100D-03
Maximum number of steepest descent iterations                   20
Maximum number of iterations for H1                           2000
Convergence criterion for H1                             0.100D-03
Optimization algorithm                                         EMA

Input data file(s)
  data.ados.asd.csv
Input data format  FREE


SUMMARY OF DATA

     Number of missing data patterns             6


COVARIANCE COVERAGE OF DATA

Minimum covariance coverage value   0.100


     PROPORTION OF DATA PRESENT


           Covariance Coverage
              RR1           RR2           RR3           RR4           RR5
              ________      ________      ________      ________      ________
 RR1            0.999
 RR2            0.471         0.471
 RR3            0.161         0.161         0.161
 RR4            0.029         0.029         0.029         0.029
 RR5            0.005         0.005         0.005         0.005         0.005
 GENDER         0.999         0.471         0.161         0.029         0.005


           Covariance Coverage
              GENDER
              ________
 GENDER         1.000

     WARNING:  THE COVARIANCE COVERAGE FALLS BELOW THE SPECIFIED LIMIT.



UNIVARIATE SAMPLE STATISTICS


     UNIVARIATE HIGHER-ORDER MOMENT DESCRIPTIVE STATISTICS

         Variable/         Mean/     Skewness/   Minimum/ % with                Percentiles
        Sample Size      Variance    Kurtosis    Maximum  Min/Max      20%/60%    40%/80%    Median

     RR1                   4.715      -0.294       0.000    3.77%       3.000      4.000      5.000
            1537.000       4.843      -0.769       8.000   12.17%       6.000      7.000
     RR2                   4.837      -0.227       0.000    0.97%       3.000      4.000      5.000
             725.000       3.805      -0.643       8.000    9.93%       6.000      7.000
     RR3                   4.944      -0.195       0.000    0.81%       3.000      4.000      5.000
             248.000       3.868      -0.673       8.000   12.90%       6.000      7.000
     RR4                   4.311       0.411       0.000    2.22%       3.000      4.000      4.000
              45.000       3.592      -0.170       8.000   11.11%       4.000      6.000
     RR5                   3.857      -1.211       2.000   14.29%       2.000      4.000      4.000
               7.000       0.694       1.036       5.000   14.29%       4.000      4.000
     GENDER                0.221       1.344       0.000   77.89%       0.000      0.000      0.000
            1538.000       0.172      -0.193       1.000   22.11%       0.000      1.000


THE MODEL ESTIMATION TERMINATED NORMALLY



MODEL FIT INFORMATION

Number of Free Parameters                       12

Loglikelihood

          H0 Value                       -5405.479
          H0 Scaling Correction Factor      0.8961
            for MLR

Information Criteria

          Akaike (AIC)                   10834.957
          Bayesian (BIC)                 10899.016
          Sample-Size Adjusted BIC       10860.895
            (n* = (n + 2) / 24)



MODEL RESULTS

                                                    Two-Tailed
                    Estimate       S.E.  Est./S.E.    P-Value

 INT        ON
    GENDER            -0.107      0.132     -0.810      0.418

 SLOPE      ON
    GENDER            -0.013      0.014     -0.992      0.321

 SLOPE    WITH
    INT               -0.067      0.019     -3.612      0.000

 Intercepts
    RR1                0.000      0.000    999.000    999.000
    RR2                0.000      0.000    999.000    999.000
    RR3                0.000      0.000    999.000    999.000
    RR4                0.000      0.000    999.000    999.000
    RR5                0.000      0.000    999.000    999.000
    INT                4.716      0.063     74.730      0.000
    SLOPE              0.039      0.006      6.663      0.000

 Residual Variances
    RR1                2.428      0.272      8.922      0.000
    RR2                1.931      0.144     13.420      0.000
    RR3                1.889      0.234      8.064      0.000
    RR4                1.925      0.562      3.428      0.001
    RR5                0.240      0.640      0.375      0.707
    INT                2.462      0.266      9.268      0.000
    SLOPE              0.005      0.002      3.258      0.001


QUALITY OF NUMERICAL RESULTS

     Condition Number for the Information Matrix              0.218E-04
       (ratio of smallest to largest eigenvalue)


DIAGRAM INFORMATION

  Use View Diagram under the Diagram menu in the Mplus Editor to view the diagram.
  If running Mplus from the Mplus Diagrammer, the diagram opens automatically.

  Diagram output
    e:\ucsd - ace\paper - gender difference - sara\longitudinal analysis - lgm with individual specific time points\ados

     Beginning Time:  13:50:11
        Ending Time:  13:50:13
       Elapsed Time:  00:00:02



MUTHEN & MUTHEN
3463 Stoner Ave.
Los Angeles, CA  90066

Tel: (310) 391-9971
Fax: (310) 391-8971
Web: www.StatModel.com
Support: Support@StatModel.com

Copyright (c) 1998-2019 Muthen & Muthen
