Mplus VERSION 8.3
MUTHEN & MUTHEN
04/20/2023   2:48 PM

INPUT INSTRUCTIONS

  title: LGM With Person-Specific Time Codes,
  Centered at the First Measurement Occasion

  data: file is data.ados.asd.csv;

  variable: names are sid id age1-age5 gender diag
  coso1-coso5 rr1-rr5 tot1-tot5 t1-t5;

  usevariables are tot1-tot5 t1-t5 gender;
  missing are all (-99);

  tscores = t1-t5; !variables contain person-specific time codes

  analysis: type = random;
  estimator = MLR;

  model: int slope| tot1-tot5 at t1-t5; !define LGM with quadratic growth trajectory
  !tot1-tot5(1); !constrain residual variance to equality over time (homoscedasticity)
  int ON gender;
  slope ON gender;

  !PLOT:
  !TYPE = plot1 plot2 plot3;
  !SERIES = coso1(1) coso2(2) coso3(3) coso4(4) coso5(5);



INPUT READING TERMINATED NORMALLY



LGM With Person-Specific Time Codes,
Centered at the First Measurement Occasion

SUMMARY OF ANALYSIS

Number of groups                                                 1
Number of observations                                        1539

Number of dependent variables                                    5
Number of independent variables                                  1
Number of continuous latent variables                            2

Observed dependent variables

  Continuous
   TOT1        TOT2        TOT3        TOT4        TOT5

Observed independent variables
   GENDER

Continuous latent variables
   INT         SLOPE

Variables with special functions

  Time scores
   T1          T2          T3          T4          T5


Estimator                                                      MLR
Information matrix                                        OBSERVED
Maximum number of iterations                                   100
Convergence criterion                                    0.100D-05
Maximum number of EM iterations                                500
Convergence criteria for the EM algorithm
  Loglikelihood change                                   0.100D-02
  Relative loglikelihood change                          0.100D-05
  Derivative                                             0.100D-03
Minimum variance                                         0.100D-03
Maximum number of steepest descent iterations                   20
Maximum number of iterations for H1                           2000
Convergence criterion for H1                             0.100D-03
Optimization algorithm                                         EMA

Input data file(s)
  data.ados.asd.csv
Input data format  FREE


SUMMARY OF DATA

     Number of missing data patterns             5


COVARIANCE COVERAGE OF DATA

Minimum covariance coverage value   0.100


     PROPORTION OF DATA PRESENT


           Covariance Coverage
              TOT1          TOT2          TOT3          TOT4          TOT5
              ________      ________      ________      ________      ________
 TOT1           1.000
 TOT2           0.471         0.471
 TOT3           0.161         0.161         0.161
 TOT4           0.029         0.029         0.029         0.029
 TOT5           0.005         0.005         0.005         0.005         0.005
 GENDER         1.000         0.471         0.161         0.029         0.005


           Covariance Coverage
              GENDER
              ________
 GENDER         1.000

     WARNING:  THE COVARIANCE COVERAGE FALLS BELOW THE SPECIFIED LIMIT.



UNIVARIATE SAMPLE STATISTICS


     UNIVARIATE HIGHER-ORDER MOMENT DESCRIPTIVE STATISTICS

         Variable/         Mean/     Skewness/   Minimum/ % with                Percentiles
        Sample Size      Variance    Kurtosis    Maximum  Min/Max      20%/60%    40%/80%    Median

     TOT1                 18.585      -0.577       0.000    0.26%      13.000     18.000     19.000
            1539.000      36.312      -0.310      28.000    2.92%      21.000     24.000
     TOT2                 17.617      -0.306       0.000    0.14%      13.000     16.000     18.000
             725.000      29.083      -0.347      28.000    0.55%      19.000     23.000
     TOT3                 17.516      -0.112       3.000    0.40%      13.000     16.000     18.000
             248.000      22.943      -0.385      28.000    0.40%      19.000     22.000
     TOT4                 16.711       0.044       8.000    2.22%      13.000     16.000     17.000
              45.000      14.694       0.146      27.000    2.22%      18.000     19.000
     TOT5                 21.429       0.130      19.000   14.29%      19.000     21.000     21.000
               7.000       2.531      -1.016      24.000   14.29%      21.000     23.000
     GENDER                0.222       1.341       0.000   77.84%       0.000      0.000      0.000
            1539.000       0.172      -0.202       1.000   22.16%       0.000      1.000


THE MODEL ESTIMATION TERMINATED NORMALLY



MODEL FIT INFORMATION

Number of Free Parameters                       12

Loglikelihood

          H0 Value                       -7905.349
          H0 Scaling Correction Factor      1.0014
            for MLR

Information Criteria

          Akaike (AIC)                   15834.698
          Bayesian (BIC)                 15898.765
          Sample-Size Adjusted BIC       15860.644
            (n* = (n + 2) / 24)



MODEL RESULTS

                                                    Two-Tailed
                    Estimate       S.E.  Est./S.E.    P-Value

 INT        ON
    GENDER             0.392      0.363      1.079      0.280

 SLOPE      ON
    GENDER            -0.069      0.030     -2.333      0.020

 SLOPE    WITH
    INT               -0.581      0.107     -5.428      0.000

 Intercepts
    TOT1               0.000      0.000    999.000    999.000
    TOT2               0.000      0.000    999.000    999.000
    TOT3               0.000      0.000    999.000    999.000
    TOT4               0.000      0.000    999.000    999.000
    TOT5               0.000      0.000    999.000    999.000
    INT               18.426      0.174    105.814      0.000
    SLOPE              0.004      0.014      0.273      0.785

 Residual Variances
    TOT1              14.827      1.800      8.236      0.000
    TOT2              14.112      1.194     11.816      0.000
    TOT3              12.207      1.391      8.774      0.000
    TOT4               7.288      3.802      1.917      0.055
    TOT5              21.258      7.774      2.735      0.006
    INT               21.786      1.748     12.467      0.000
    SLOPE              0.024      0.007      3.672      0.000


QUALITY OF NUMERICAL RESULTS

     Condition Number for the Information Matrix              0.237E-05
       (ratio of smallest to largest eigenvalue)


DIAGRAM INFORMATION

  Use View Diagram under the Diagram menu in the Mplus Editor to view the diagram.
  If running Mplus from the Mplus Diagrammer, the diagram opens automatically.

  Diagram output
    e:\ucsd - ace\paper - gender difference - sara\longitudinal analysis - lgm with individual specific time points\ados

     Beginning Time:  14:48:44
        Ending Time:  14:48:46
       Elapsed Time:  00:00:02



MUTHEN & MUTHEN
3463 Stoner Ave.
Los Angeles, CA  90066

Tel: (310) 391-9971
Fax: (310) 391-8971
Web: www.StatModel.com
Support: Support@StatModel.com

Copyright (c) 1998-2019 Muthen & Muthen
