Mplus VERSION 8.3
MUTHEN & MUTHEN
04/20/2023   2:57 PM

INPUT INSTRUCTIONS

  title: LGM With Person-Specific Time Codes,
  Centered at the First Measurement Occasion

  data: file is data.mul.asd.csv;

  variable: names are sid id gender diag age1-age5
  fmt1-fmt5 vrt1-vrt5 rlt1-rlt5 elt1-elt5 t1-t5;

  usevariables are vrt1-vrt5 t1-t5 gender;
  missing are all (-99);

  tscores = t1-t5; !variables contain person-specific time codes

  analysis: type = random;
  estimator = MLF;

  model: int slope| vrt1-vrt5 at t1-t5; !define LGM with quadratic growth trajectory
  !vrt1-vrt5(1); !constrain residual variance to equality over time (homoscedasticity)
  int ON gender;
  slope ON gender;

  !PLOT:
  !TYPE = plot1 plot2 plot3;
  !SERIES = coso1(1) coso2(2) coso3(3) coso4(4) coso5(5);



*** WARNING
  Data set contains cases with missing on all variables except
  x-variables.  These cases were not included in the analysis.
  Number of cases with missing on all variables except x-variables:  7
   1 WARNING(S) FOUND IN THE INPUT INSTRUCTIONS



LGM With Person-Specific Time Codes,
Centered at the First Measurement Occasion

SUMMARY OF ANALYSIS

Number of groups                                                 1
Number of observations                                        1524

Number of dependent variables                                    5
Number of independent variables                                  1
Number of continuous latent variables                            2

Observed dependent variables

  Continuous
   VRT1        VRT2        VRT3        VRT4        VRT5

Observed independent variables
   GENDER

Continuous latent variables
   INT         SLOPE

Variables with special functions

  Time scores
   T1          T2          T3          T4          T5


Estimator                                                      MLF
Information matrix                                        OBSERVED
Maximum number of iterations                                   100
Convergence criterion                                    0.100D-05
Maximum number of EM iterations                                500
Convergence criteria for the EM algorithm
  Loglikelihood change                                   0.100D-02
  Relative loglikelihood change                          0.100D-05
  Derivative                                             0.100D-03
Minimum variance                                         0.100D-03
Maximum number of steepest descent iterations                   20
Maximum number of iterations for H1                           2000
Convergence criterion for H1                             0.100D-03
Optimization algorithm                                         EMA

Input data file(s)
  data.mul.asd.csv
Input data format  FREE


SUMMARY OF DATA

     Number of missing data patterns             7


COVARIANCE COVERAGE OF DATA

Minimum covariance coverage value   0.100


     PROPORTION OF DATA PRESENT


           Covariance Coverage
              VRT1          VRT2          VRT3          VRT4          VRT5
              ________      ________      ________      ________      ________
 VRT1           0.999
 VRT2           0.463         0.465
 VRT3           0.157         0.156         0.157
 VRT4           0.026         0.026         0.026         0.026
 VRT5           0.004         0.004         0.004         0.004         0.004
 GENDER         0.999         0.465         0.157         0.026         0.004


           Covariance Coverage
              GENDER
              ________
 GENDER         1.000

     WARNING:  THE COVARIANCE COVERAGE FALLS BELOW THE SPECIFIED LIMIT.



UNIVARIATE SAMPLE STATISTICS


     UNIVARIATE HIGHER-ORDER MOMENT DESCRIPTIVE STATISTICS

         Variable/         Mean/     Skewness/   Minimum/ % with                Percentiles
        Sample Size      Variance    Kurtosis    Maximum  Min/Max      20%/60%    40%/80%    Median

     VRT1                 77.240       0.324       3.480    0.07%      59.860     72.120     76.790
            1522.000     467.520       1.626     223.870    0.07%      81.910     93.720
     VRT2                 81.323       0.332      14.960    0.14%      63.310     75.560     79.840
             708.000     480.864       0.973     182.620    0.14%      86.280     97.990
     VRT3                 84.437       0.695      35.810    0.42%      65.800     75.620     81.540
             239.000     495.224       0.279     154.170    0.42%      86.620    102.010
     VRT4                 85.075       0.356      29.810    2.56%      72.410     77.810     83.040
              39.000     355.400       2.382     146.310    2.56%      87.690     95.650
     VRT5                 83.720       1.105      61.540   16.67%      61.540     68.580     81.140
               6.000     399.374       0.172     124.410   16.67%      82.340     85.510
     GENDER                0.222       1.339       0.000   77.82%       0.000      0.000      0.000
            1524.000       0.173      -0.206       1.000   22.18%       0.000      1.000


THE MODEL ESTIMATION TERMINATED NORMALLY



MODEL FIT INFORMATION

Number of Free Parameters                       12

Loglikelihood

          H0 Value                      -11111.624

Information Criteria

          Akaike (AIC)                   22247.248
          Bayesian (BIC)                 22311.197
          Sample-Size Adjusted BIC       22273.076
            (n* = (n + 2) / 24)



MODEL RESULTS

                                                    Two-Tailed
                    Estimate       S.E.  Est./S.E.    P-Value

 INT        ON
    GENDER            -2.174      1.394     -1.560      0.119

 SLOPE      ON
    GENDER             0.152      0.142      1.069      0.285

 SLOPE    WITH
    INT               -5.069      2.109     -2.404      0.016

 Intercepts
    VRT1               0.000      0.000    999.000    999.000
    VRT2               0.000      0.000    999.000    999.000
    VRT3               0.000      0.000    999.000    999.000
    VRT4               0.000      0.000    999.000    999.000
    VRT5               0.000      0.000    999.000    999.000
    INT               77.990      0.634    123.093      0.000
    SLOPE             -0.009      0.073     -0.125      0.901

 Residual Variances
    VRT1             153.996     24.716      6.231      0.000
    VRT2             153.206     15.306     10.010      0.000
    VRT3             124.401     21.304      5.839      0.000
    VRT4             127.838     44.828      2.852      0.004
    VRT5              93.260    249.379      0.374      0.708
    INT              315.444     25.705     12.272      0.000
    SLOPE              0.955      0.171      5.590      0.000


QUALITY OF NUMERICAL RESULTS

     Condition Number for the Information Matrix              0.617E-05
       (ratio of smallest to largest eigenvalue)


DIAGRAM INFORMATION

  Use View Diagram under the Diagram menu in the Mplus Editor to view the diagram.
  If running Mplus from the Mplus Diagrammer, the diagram opens automatically.

  Diagram output
    e:\ucsd - ace\paper - gender difference - sara\longitudinal analysis - lgm with individual specific time points\mull

     Beginning Time:  14:57:26
        Ending Time:  14:57:36
       Elapsed Time:  00:00:10



MUTHEN & MUTHEN
3463 Stoner Ave.
Los Angeles, CA  90066

Tel: (310) 391-9971
Fax: (310) 391-8971
Web: www.StatModel.com
Support: Support@StatModel.com

Copyright (c) 1998-2019 Muthen & Muthen
