Mplus VERSION 8.3
MUTHEN & MUTHEN
04/17/2023   2:25 PM

INPUT INSTRUCTIONS

  title: LGM With Person-Specific Time Codes,
  Centered at the First Measurement Occasion

  data: file is data.mul.asd.csv;

  variable: names are sid id gender diag age1-age5
  fmt1-fmt5 vrt1-vrt5 rlt1-rlt5 elt1-elt5 t1-t5;

  usevariables are rlt1-rlt5 t1-t5 gender;
  missing are all (-99);

  tscores = t1-t5; !variables contain person-specific time codes

  analysis: type = random;
  estimator = MLR;

  model: int slope| rlt1-rlt5 at t1-t5; !define LGM with quadratic growth trajectory
  !rlt1-rlt5(1); !constrain residual variance to equality over time (homoscedasticity)
  int ON gender;
  slope ON gender;

  !PLOT:
  !TYPE = plot1 plot2 plot3;
  !SERIES = coso1(1) coso2(2) coso3(3) coso4(4) coso5(5);



*** WARNING
  Data set contains cases with missing on all variables except
  x-variables.  These cases were not included in the analysis.
  Number of cases with missing on all variables except x-variables:  10
   1 WARNING(S) FOUND IN THE INPUT INSTRUCTIONS



LGM With Person-Specific Time Codes,
Centered at the First Measurement Occasion

SUMMARY OF ANALYSIS

Number of groups                                                 1
Number of observations                                        1521

Number of dependent variables                                    5
Number of independent variables                                  1
Number of continuous latent variables                            2

Observed dependent variables

  Continuous
   RLT1        RLT2        RLT3        RLT4        RLT5

Observed independent variables
   GENDER

Continuous latent variables
   INT         SLOPE

Variables with special functions

  Time scores
   T1          T2          T3          T4          T5


Estimator                                                      MLR
Information matrix                                        OBSERVED
Maximum number of iterations                                   100
Convergence criterion                                    0.100D-05
Maximum number of EM iterations                                500
Convergence criteria for the EM algorithm
  Loglikelihood change                                   0.100D-02
  Relative loglikelihood change                          0.100D-05
  Derivative                                             0.100D-03
Minimum variance                                         0.100D-03
Maximum number of steepest descent iterations                   20
Maximum number of iterations for H1                           2000
Convergence criterion for H1                             0.100D-03
Optimization algorithm                                         EMA

Input data file(s)
  data.mul.asd.csv
Input data format  FREE


SUMMARY OF DATA

     Number of missing data patterns             7


COVARIANCE COVERAGE OF DATA

Minimum covariance coverage value   0.100


     PROPORTION OF DATA PRESENT


           Covariance Coverage
              RLT1          RLT2          RLT3          RLT4          RLT5
              ________      ________      ________      ________      ________
 RLT1           0.998
 RLT2           0.464         0.465
 RLT3           0.157         0.156         0.157
 RLT4           0.026         0.026         0.026         0.026
 RLT5           0.004         0.004         0.004         0.004         0.004
 GENDER         0.998         0.465         0.157         0.026         0.004


           Covariance Coverage
              GENDER
              ________
 GENDER         1.000

     WARNING:  THE COVARIANCE COVERAGE FALLS BELOW THE SPECIFIED LIMIT.



UNIVARIATE SAMPLE STATISTICS


     UNIVARIATE HIGHER-ORDER MOMENT DESCRIPTIVE STATISTICS

         Variable/         Mean/     Skewness/   Minimum/ % with                Percentiles
        Sample Size      Variance    Kurtosis    Maximum  Min/Max      20%/60%    40%/80%    Median

     RLT1                 52.891       0.318       2.700    0.07%      27.210     42.450     50.975
            1518.000     828.468      -0.306     167.550    0.07%      59.280     78.120
     RLT2                 66.780      -0.233       2.230    0.28%      38.600     61.830     69.005
             708.000     778.731      -0.636     129.610    0.14%      77.020     91.200
     RLT3                 73.376      -0.372      11.910    0.42%      52.480     71.530     77.090
             239.000     547.123      -0.159     137.820    0.42%      80.940     91.730
     RLT4                 80.706      -0.309      39.250    2.56%      63.840     78.490     79.630
              39.000     338.393      -0.379     118.620    2.56%      83.800     98.510
     RLT5                 71.108      -0.007      47.480   16.67%      47.480     59.220     70.435
               6.000     237.113      -1.090      94.000   16.67%      71.640     85.080
     GENDER                0.222       1.341       0.000   77.84%       0.000      0.000      0.000
            1521.000       0.172      -0.202       1.000   22.16%       0.000      1.000


THE MODEL ESTIMATION TERMINATED NORMALLY



MODEL FIT INFORMATION

Number of Free Parameters                       12

Loglikelihood

          H0 Value                      -11670.033
          H0 Scaling Correction Factor      0.9270
            for MLR

Information Criteria

          Akaike (AIC)                   23364.066
          Bayesian (BIC)                 23427.991
          Sample-Size Adjusted BIC       23389.870
            (n* = (n + 2) / 24)



MODEL RESULTS

                                                    Two-Tailed
                    Estimate       S.E.  Est./S.E.    P-Value

 INT        ON
    GENDER            -1.234      1.839     -0.671      0.502

 SLOPE      ON
    GENDER            -0.137      0.165     -0.826      0.409

 SLOPE    WITH
    INT               -8.218      2.892     -2.841      0.004

 Intercepts
    RLT1               0.000      0.000    999.000    999.000
    RLT2               0.000      0.000    999.000    999.000
    RLT3               0.000      0.000    999.000    999.000
    RLT4               0.000      0.000    999.000    999.000
    RLT5               0.000      0.000    999.000    999.000
    INT               53.891      0.851     63.353      0.000
    SLOPE              0.863      0.075     11.551      0.000

 Residual Variances
    RLT1             254.743     40.891      6.230      0.000
    RLT2             265.069     25.147     10.541      0.000
    RLT3             118.231     20.402      5.795      0.000
    RLT4              55.042     50.616      1.087      0.277
    RLT5              97.678    112.139      0.871      0.384
    INT              588.868     41.968     14.031      0.000
    SLOPE              0.816      0.200      4.073      0.000


QUALITY OF NUMERICAL RESULTS

     Condition Number for the Information Matrix              0.396E-04
       (ratio of smallest to largest eigenvalue)


DIAGRAM INFORMATION

  Use View Diagram under the Diagram menu in the Mplus Editor to view the diagram.
  If running Mplus from the Mplus Diagrammer, the diagram opens automatically.

  Diagram output
    e:\ucsd - ace\paper - gender difference - sara\longitudinal analysis - lgm with individual specific time points\mull

     Beginning Time:  14:25:33
        Ending Time:  14:25:38
       Elapsed Time:  00:00:05



MUTHEN & MUTHEN
3463 Stoner Ave.
Los Angeles, CA  90066

Tel: (310) 391-9971
Fax: (310) 391-8971
Web: www.StatModel.com
Support: Support@StatModel.com

Copyright (c) 1998-2019 Muthen & Muthen
