Mplus VERSION 8.3
MUTHEN & MUTHEN
04/17/2023   2:26 PM

INPUT INSTRUCTIONS

  title: LGM With Person-Specific Time Codes,
  Centered at the First Measurement Occasion

  data: file is data.mul.td.csv;

  variable: names are sid id gender diag age1-age5
  fmt1-fmt5 vrt1-vrt5 rlt1-rlt5 elt1-elt5 t1-t5;

  usevariables are fmt1-fmt4 t1-t4 gender;
  missing are all (-99);

  tscores = t1-t4; !variables contain person-specific time codes

  analysis: type = random;
  estimator = MLR;

  model: int slope| fmt1-fmt4 at t1-t4; !define LGM with quadratic growth trajectory
  !fmt1-fmt4(1); !constrain residual variance to equality over time (homoscedasticity)
  int ON gender;
  slope ON gender;

  !PLOT:
  !TYPE = plot1 plot2 plot3;
  !SERIES = coso1(1) coso2(2) coso3(3) coso4(4) coso5(5);



*** WARNING
  Data set contains cases with missing on all variables except
  x-variables.  These cases were not included in the analysis.
  Number of cases with missing on all variables except x-variables:  1
   1 WARNING(S) FOUND IN THE INPUT INSTRUCTIONS



LGM With Person-Specific Time Codes,
Centered at the First Measurement Occasion

SUMMARY OF ANALYSIS

Number of groups                                                 1
Number of observations                                         576

Number of dependent variables                                    4
Number of independent variables                                  1
Number of continuous latent variables                            2

Observed dependent variables

  Continuous
   FMT1        FMT2        FMT3        FMT4

Observed independent variables
   GENDER

Continuous latent variables
   INT         SLOPE

Variables with special functions

  Time scores
   T1          T2          T3          T4


Estimator                                                      MLR
Information matrix                                        OBSERVED
Maximum number of iterations                                   100
Convergence criterion                                    0.100D-05
Maximum number of EM iterations                                500
Convergence criteria for the EM algorithm
  Loglikelihood change                                   0.100D-02
  Relative loglikelihood change                          0.100D-05
  Derivative                                             0.100D-03
Minimum variance                                         0.100D-03
Maximum number of steepest descent iterations                   20
Maximum number of iterations for H1                           2000
Convergence criterion for H1                             0.100D-03
Optimization algorithm                                         EMA

Input data file(s)
  data.mul.td.csv
Input data format  FREE


SUMMARY OF DATA

     Number of missing data patterns             5


COVARIANCE COVERAGE OF DATA

Minimum covariance coverage value   0.100


     PROPORTION OF DATA PRESENT


           Covariance Coverage
              FMT1          FMT2          FMT3          FMT4          GENDER
              ________      ________      ________      ________      ________
 FMT1           1.000
 FMT2           0.543         0.543
 FMT3           0.267         0.266         0.267
 FMT4           0.033         0.033         0.033         0.033
 GENDER         1.000         0.543         0.267         0.033         1.000

     WARNING:  THE COVARIANCE COVERAGE FALLS BELOW THE SPECIFIED LIMIT.



UNIVARIATE SAMPLE STATISTICS


     UNIVARIATE HIGHER-ORDER MOMENT DESCRIPTIVE STATISTICS

         Variable/         Mean/     Skewness/   Minimum/ % with                Percentiles
        Sample Size      Variance    Kurtosis    Maximum  Min/Max      20%/60%    40%/80%    Median

     FMT1                109.360       7.646      25.040    0.17%      96.120    104.960    108.480
             576.000     431.964     127.463     452.450    0.17%     111.930    121.360
     FMT2                102.651      -0.084      23.410    0.32%      91.310     98.190    101.460
             313.000     186.697       3.203     143.320    0.32%     104.460    113.080
     FMT3                101.782       0.342      76.990    0.65%      90.280     96.400    100.160
             154.000     148.912      -0.386     137.860    0.65%     104.960    111.840
     FMT4                102.577       0.256      84.820    5.26%      89.370    100.060    103.450
              19.000     134.773      -0.890     124.110    5.26%     105.040    110.550
     GENDER                0.415       0.345       0.000   58.51%       0.000      0.000      0.000
             576.000       0.243      -1.881       1.000   41.49%       1.000      1.000


THE MODEL ESTIMATION TERMINATED NORMALLY



MODEL FIT INFORMATION

Number of Free Parameters                       11

Loglikelihood

          H0 Value                       -4482.947
          H0 Scaling Correction Factor      7.3396
            for MLR

Information Criteria

          Akaike (AIC)                    8987.894
          Bayesian (BIC)                  9035.811
          Sample-Size Adjusted BIC        9000.891
            (n* = (n + 2) / 24)



MODEL RESULTS

                                                    Two-Tailed
                    Estimate       S.E.  Est./S.E.    P-Value

 INT        ON
    GENDER             1.830      1.388      1.319      0.187

 SLOPE      ON
    GENDER             0.162      0.109      1.492      0.136

 SLOPE    WITH
    INT               -2.237      0.931     -2.403      0.016

 Intercepts
    FMT1               0.000      0.000    999.000    999.000
    FMT2               0.000      0.000    999.000    999.000
    FMT3               0.000      0.000    999.000    999.000
    FMT4               0.000      0.000    999.000    999.000
    INT              107.461      0.823    130.574      0.000
    SLOPE             -0.466      0.058     -8.009      0.000

 Residual Variances
    FMT1             363.980    205.779      1.769      0.077
    FMT2             125.053     20.880      5.989      0.000
    FMT3              78.387     19.020      4.121      0.000
    FMT4             120.984     50.101      2.415      0.016
    INT               71.981     15.401      4.674      0.000
    SLOPE              0.197      0.070      2.824      0.005


QUALITY OF NUMERICAL RESULTS

     Condition Number for the Information Matrix              0.150E-04
       (ratio of smallest to largest eigenvalue)


DIAGRAM INFORMATION

  Use View Diagram under the Diagram menu in the Mplus Editor to view the diagram.
  If running Mplus from the Mplus Diagrammer, the diagram opens automatically.

  Diagram output
    e:\ucsd - ace\paper - gender difference - sara\longitudinal analysis - lgm with individual specific time points\mull

     Beginning Time:  14:26:53
        Ending Time:  14:26:54
       Elapsed Time:  00:00:01



MUTHEN & MUTHEN
3463 Stoner Ave.
Los Angeles, CA  90066

Tel: (310) 391-9971
Fax: (310) 391-8971
Web: www.StatModel.com
Support: Support@StatModel.com

Copyright (c) 1998-2019 Muthen & Muthen
