Mplus VERSION 8.3
MUTHEN & MUTHEN
04/17/2023   2:24 PM

INPUT INSTRUCTIONS

  title: LGM With Person-Specific Time Codes,
  Centered at the First Measurement Occasion

  data: file is data.mul.asd.csv;

  variable: names are sid id gender diag age1-age5
  fm1-fm5 vr1-vr5 rl1-rl5 el1-el5 t1-t5;

  usevariables are fm1-fm5 t1-t5 gender;
  missing are all (-99);

  tscores = t1-t5; !variables contain person-specific time codes

  analysis: type = random;
  estimator = MLR;

  model: int slope| fm1-fm5 at t1-t5; !define LGM with quadratic growth trajectory
  !fmt1-fmt5(1); !constrain residual variance to equality over time (homoscedasticity)
  int ON gender;
  slope ON gender;

  !PLOT:
  !TYPE = plot1 plot2 plot3;
  !SERIES = coso1(1) coso2(2) coso3(3) coso4(4) coso5(5);



*** WARNING
  Data set contains cases with missing on all variables except
  x-variables.  These cases were not included in the analysis.
  Number of cases with missing on all variables except x-variables:  9
   1 WARNING(S) FOUND IN THE INPUT INSTRUCTIONS



LGM With Person-Specific Time Codes,
Centered at the First Measurement Occasion

SUMMARY OF ANALYSIS

Number of groups                                                 1
Number of observations                                        1522

Number of dependent variables                                    5
Number of independent variables                                  1
Number of continuous latent variables                            2

Observed dependent variables

  Continuous
   FM1         FM2         FM3         FM4         FM5

Observed independent variables
   GENDER

Continuous latent variables
   INT         SLOPE

Variables with special functions

  Time scores
   T1          T2          T3          T4          T5


Estimator                                                      MLR
Information matrix                                        OBSERVED
Maximum number of iterations                                   100
Convergence criterion                                    0.100D-05
Maximum number of EM iterations                                500
Convergence criteria for the EM algorithm
  Loglikelihood change                                   0.100D-02
  Relative loglikelihood change                          0.100D-05
  Derivative                                             0.100D-03
Minimum variance                                         0.100D-03
Maximum number of steepest descent iterations                   20
Maximum number of iterations for H1                           2000
Convergence criterion for H1                             0.100D-03
Optimization algorithm                                         EMA

Input data file(s)
  data.mul.asd.csv
Input data format  FREE


SUMMARY OF DATA

     Number of missing data patterns             7


COVARIANCE COVERAGE OF DATA

Minimum covariance coverage value   0.100


     PROPORTION OF DATA PRESENT


           Covariance Coverage
              FM1           FM2           FM3           FM4           FM5
              ________      ________      ________      ________      ________
 FM1            0.999
 FM2            0.464         0.465
 FM3            0.157         0.156         0.157
 FM4            0.026         0.026         0.026         0.026
 FM5            0.004         0.004         0.004         0.004         0.004
 GENDER         0.999         0.465         0.157         0.026         0.004


           Covariance Coverage
              GENDER
              ________
 GENDER         1.000

     WARNING:  THE COVARIANCE COVERAGE FALLS BELOW THE SPECIFIED LIMIT.



UNIVARIATE SAMPLE STATISTICS


     UNIVARIATE HIGHER-ORDER MOMENT DESCRIPTIVE STATISTICS

         Variable/         Mean/     Skewness/   Minimum/ % with                Percentiles
        Sample Size      Variance    Kurtosis    Maximum  Min/Max      20%/60%    40%/80%    Median

     FM1                  81.400      -0.301       6.340    0.07%      66.850     78.050     82.330
            1520.000     349.695       0.767     139.630    0.07%      86.490     96.160
     FM2                  79.670      -0.121      26.830    0.14%      65.220     77.460     80.305
             708.000     286.540       0.467     147.490    0.14%      83.740     93.470
     FM3                  80.205      -0.108      32.140    0.42%      69.110     77.380     79.580
             239.000     239.234       0.660     123.040    0.42%      82.790     91.470
     FM4                  82.380      -0.039      56.790    2.56%      76.380     79.930     80.810
              39.000     116.674       0.078     106.430    2.56%      82.720     90.930
     FM5                  74.588      -0.422      58.030   16.67%      58.030     69.230     75.835
               6.000      97.197      -1.229      85.700   16.67%      82.340     82.900
     GENDER                0.221       1.342       0.000   77.86%       0.000      0.000      0.000
            1522.000       0.172      -0.199       1.000   22.14%       0.000      1.000


THE MODEL ESTIMATION TERMINATED NORMALLY



MODEL FIT INFORMATION

Number of Free Parameters                       12

Loglikelihood

          H0 Value                      -10554.844
          H0 Scaling Correction Factor      1.5719
            for MLR

Information Criteria

          Akaike (AIC)                   21133.688
          Bayesian (BIC)                 21197.621
          Sample-Size Adjusted BIC       21159.500
            (n* = (n + 2) / 24)



MODEL RESULTS

                                                    Two-Tailed
                    Estimate       S.E.  Est./S.E.    P-Value

 INT        ON
    GENDER             1.387      1.140      1.217      0.224

 SLOPE      ON
    GENDER            -0.068      0.094     -0.725      0.468

 SLOPE    WITH
    INT               -4.921      1.145     -4.298      0.000

 Intercepts
    FM1                0.000      0.000    999.000    999.000
    FM2                0.000      0.000    999.000    999.000
    FM3                0.000      0.000    999.000    999.000
    FM4                0.000      0.000    999.000    999.000
    FM5                0.000      0.000    999.000    999.000
    INT               81.248      0.538    150.971      0.000
    SLOPE             -0.452      0.052     -8.745      0.000

 Residual Variances
    FM1              112.805     16.222      6.954      0.000
    FM2               96.138     16.771      5.732      0.000
    FM3               75.250     23.132      3.253      0.001
    FM4               77.930     38.196      2.040      0.041
    FM5               41.100     58.220      0.706      0.480
    INT              236.036     18.651     12.655      0.000
    SLOPE              0.371      0.101      3.664      0.000


QUALITY OF NUMERICAL RESULTS

     Condition Number for the Information Matrix              0.164E-04
       (ratio of smallest to largest eigenvalue)


DIAGRAM INFORMATION

  Use View Diagram under the Diagram menu in the Mplus Editor to view the diagram.
  If running Mplus from the Mplus Diagrammer, the diagram opens automatically.

  Diagram output
    e:\ucsd - ace\paper - gender difference - sara\longitudinal analysis - lgm with individual specific time points\mull

     Beginning Time:  14:24:29
        Ending Time:  14:24:31
       Elapsed Time:  00:00:02



MUTHEN & MUTHEN
3463 Stoner Ave.
Los Angeles, CA  90066

Tel: (310) 391-9971
Fax: (310) 391-8971
Web: www.StatModel.com
Support: Support@StatModel.com

Copyright (c) 1998-2019 Muthen & Muthen
